[1/1] "C:/Users/Spook/AppData/Local/vcpkg/downloads/tools/cmake-3.29.2-windows/cmake-3.29.2-windows-i386/bin/cmake.exe" -E chdir ".." "C:/Users/Spook/AppData/Local/vcpkg/downloads/tools/cmake-3.29.2-windows/cmake-3.29.2-windows-i386/bin/cmake.exe" "E:/Program Files/Microsoft Visual Studio/2022/Community/VC/vcpkg/scripts/detect_compiler" "-G" "Ninja" "-DCMAKE_BUILD_TYPE=Release" "-DCMAKE_INSTALL_PREFIX=C:/Users/Spook/source/repos/North/vcpkg_installed/x64-windows/vcpkg/pkgs/detect_compiler_x64-windows" "-DCMAKE_MAKE_PROGRAM=E:/Program Files/Microsoft Visual Studio/2022/Community/Common7/IDE/CommonExtensions/Microsoft/CMake/Ninja/ninja.exe" "-DBUILD_SHARED_LIBS=ON" "-DVCPKG_CHAINLOAD_TOOLCHAIN_FILE=E:/Program Files/Microsoft Visual Studio/2022/Community/VC/vcpkg/scripts/toolchains/windows.cmake" "-DVCPKG_TARGET_TRIPLET=x64-windows" "-DVCPKG_SET_CHARSET_FLAG=ON" "-DVCPKG_PLATFORM_TOOLSET=v143" "-DCMAKE_EXPORT_NO_PACKAGE_REGISTRY=ON" "-DCMAKE_FIND_PACKAGE_NO_PACKAGE_REGISTRY=ON" "-DCMAKE_FIND_PACKAGE_NO_SYSTEM_PACKAGE_REGISTRY=ON" "-DCMAKE_INSTALL_SYSTEM_RUNTIME_LIBS_SKIP=TRUE" "-DCMAKE_VERBOSE_MAKEFILE=ON" "-DVCPKG_APPLOCAL_DEPS=OFF" "-DCMAKE_TOOLCHAIN_FILE=E:/Program Files/Microsoft Visual Studio/2022/Community/VC/vcpkg/scripts/buildsystems/vcpkg.cmake" "-DCMAKE_ERROR_ON_ABSOLUTE_INSTALL_DESTINATION=ON" "-DVCPKG_CXX_FLAGS=" "-DVCPKG_CXX_FLAGS_RELEASE=" "-DVCPKG_CXX_FLAGS_DEBUG=" "-DVCPKG_C_FLAGS=" "-DVCPKG_C_FLAGS_RELEASE=" "-DVCPKG_C_FLAGS_DEBUG=" "-DVCPKG_CRT_LINKAGE=dynamic" "-DVCPKG_LINKER_FLAGS=" "-DVCPKG_LINKER_FLAGS_RELEASE=" "-DVCPKG_LINKER_FLAGS_DEBUG=" "-DVCPKG_TARGET_ARCHITECTURE=x64" "-DCMAKE_INSTALL_LIBDIR:STRING=lib" "-DCMAKE_INSTALL_BINDIR:STRING=bin" "-D_VCPKG_ROOT_DIR=E:/Program Files/Microsoft Visual Studio/2022/Community/VC/vcpkg/" "-DZ_VCPKG_ROOT_DIR=E:/Program Files/Microsoft Visual Studio/2022/Community/VC/vcpkg/" "-D_VCPKG_INSTALLED_DIR=C:/Users/Spook/source/repos/North/vcpkg_installed/x64-windows/" "-DVCPKG_MANIFEST_INSTALL=OFF"
-- The C compiler identification is MSVC 19.42.34436.0
-- The CXX compiler identification is MSVC 19.42.34436.0
#COMPILER_HASH#b444fd50b533d551129c8eabbdb7db5fbc5b5d8f
#COMPILER_C_HASH#3a053893eebb42e371212e371f3817b92171f991
#COMPILER_C_VERSION#19.42.34436.0
#COMPILER_C_ID#MSVC
#COMPILER_C_PATH#E:/Program Files/Microsoft Visual Studio/2022/Community/VC/Tools/MSVC/14.42.34433/bin/Hostx64/x64/cl.exe
#COMPILER_CXX_HASH#3a053893eebb42e371212e371f3817b92171f991
#COMPILER_CXX_VERSION#19.42.34436.0
#COMPILER_CXX_ID#MSVC
#COMPILER_CXX_PATH#E:/Program Files/Microsoft Visual Studio/2022/Community/VC/Tools/MSVC/14.42.34433/bin/Hostx64/x64/cl.exe
-- Configuring done (2.3s)
-- Generating done (0.0s)
CMake Warning:
  Manually-specified variables were not used by the project:

    BUILD_SHARED_LIBS
    CMAKE_INSTALL_BINDIR
    CMAKE_INSTALL_LIBDIR
    _VCPKG_ROOT_DIR


-- Build files have been written to: C:/Users/Spook/source/repos/North/vcpkg_installed/x64-windows/vcpkg/blds/detect_compiler/x64-windows-rel
